[23:03:18] [ServerMain/INFO]: Environment: Environment[sessionHost=https://sessionserver.mojang.com, servicesHost=https://api.minecraftservices.com, name=PROD]
[23:03:20] [ServerMain/INFO]: Loaded 1290 recipes
[23:03:21] [Server thread/INFO]: Starting minecraft server version 1.21.1
[23:03:21] [Server thread/INFO]: Loading properties
[23:03:21] [Server thread/INFO]: This server is running CraftBukkit version 4344-Spigot-a759b62-19bf846 (MC: 1.21.1) (Implementing API version 1.21.1-R0.1-SNAPSHOT)
[23:03:22] [Server thread/INFO]: *** This version of Spigot contains changes to some enums. If you notice that plugins no longer work after updating, please report this to the developers of those plugins first. ***
[23:03:22] [Server thread/INFO]: *** If you cannot update those plugins, you can try setting `settings.compatibility.enum-compatibility-mode` to `true` in `bukkit.yml`. ***
[23:03:22] [Server thread/INFO]: Debug logging is disabled
[23:03:22] [Server thread/INFO]: Server Ping Player Sample Count: 12
[23:03:22] [Server thread/INFO]: Using 4 threads for Netty based IO
[23:03:22] [Server thread/INFO]: Default game type: SURVIVAL
[23:03:22] [Server thread/INFO]: Generating keypair
[23:03:22] [Server thread/INFO]: Starting Minecraft server on *:25567
[23:03:22] [Server thread/INFO]: Using default channel type
[23:03:22] [Server thread/WARN]: **** SERVER IS RUNNING IN OFFLINE/INSECURE MODE!
[23:03:22] [Server thread/WARN]: The server will make no attempt to authenticate usernames. Beware.
[23:03:22] [Server thread/WARN]: Whilst this makes it possible to use BungeeCord, unless access to your server is properly restricted, it also opens up the ability for hackers to connect with any username they choose.
[23:03:22] [Server thread/WARN]: Please see http://www.spigotmc.org/wiki/firewall-guide/ for further information.
[23:03:22] [Server thread/WARN]: To change this, set "online-mode" to "true" in the server.properties file.
[23:03:22] [Server thread/INFO]: Preparing level "world"
[23:03:22] [Server thread/INFO]: -------- World Settings For [world] --------
[23:03:22] [Server thread/INFO]: Allow Zombie Pigmen to spawn from portal blocks: true
[23:03:22] [Server thread/INFO]: Zombie Aggressive Towards Villager: true
[23:03:22] [Server thread/INFO]: Item Merge Radius: 2.5
[23:03:22] [Server thread/INFO]: View Distance: 10
[23:03:22] [Server thread/INFO]: Experience Merge Radius: 3.0
[23:03:22] [Server thread/INFO]: Mob Spawn Range: 6
[23:03:22] [Server thread/INFO]: Entity Tracking Range: Pl 48 / An 48 / Mo 48 / Mi 32 / Di 128 / Other 64
[23:03:22] [Server thread/INFO]: Hopper Transfer: 8 Hopper Check: 1 Hopper Amount: 1 Hopper Can Load Chunks: false
[23:03:22] [Server thread/INFO]: Max TNT Explosions: 100
[23:03:22] [Server thread/INFO]: Tile Max Tick Time: 50ms Entity max Tick Time: 50ms
[23:03:22] [Server thread/INFO]: Arrow Despawn Rate: 1200 Trident Respawn Rate:1200
[23:03:22] [Server thread/INFO]: Simulation Distance: 10
[23:03:22] [Server thread/INFO]: Item Despawn Rate: 6000
[23:03:22] [Server thread/INFO]: Cactus Growth Modifier: 100%
[23:03:22] [Server thread/INFO]: Cane Growth Modifier: 100%
[23:03:22] [Server thread/INFO]: Melon Growth Modifier: 100%
[23:03:22] [Server thread/INFO]: Mushroom Growth Modifier: 100%
[23:03:22] [Server thread/INFO]: Pumpkin Growth Modifier: 100%
[23:03:22] [Server thread/INFO]: Sapling Growth Modifier: 100%
[23:03:22] [Server thread/INFO]: Beetroot Growth Modifier: 100%
[23:03:22] [Server thread/INFO]: Carrot Growth Modifier: 100%
[23:03:22] [Server thread/INFO]: Potato Growth Modifier: 100%
[23:03:22] [Server thread/INFO]: Wheat Growth Modifier: 100%
[23:03:22] [Server thread/INFO]: NetherWart Growth Modifier: 100%
[23:03:22] [Server thread/INFO]: Vine Growth Modifier: 100%
[23:03:22] [Server thread/INFO]: Cocoa Growth Modifier: 100%
[23:03:22] [Server thread/INFO]: Bamboo Growth Modifier: 100%
[23:03:22] [Server thread/INFO]: SweetBerry Growth Modifier: 100%
[23:03:22] [Server thread/INFO]: Kelp Growth Modifier: 100%
[23:03:22] [Server thread/INFO]: TwistingVines Growth Modifier: 100%
[23:03:22] [Server thread/INFO]: WeepingVines Growth Modifier: 100%
[23:03:22] [Server thread/INFO]: CaveVines Growth Modifier: 100%
[23:03:22] [Server thread/INFO]: Entity Activation Range: An 32 / Mo 32 / Ra 48 / Mi 16 / Tiv true / Isa false
[23:03:22] [Server thread/INFO]: Custom Map Seeds:  Village: 10387312 Desert: 14357617 Igloo: 14357618 Jungle: 14357619 Swamp: 14357620 Monument: 10387313 Ocean: 14357621 Shipwreck: 165745295 End City: 10387313 Slime: 987234911 Nether: 30084232 Mansion: 10387319 Fossil: 14357921 Portal: 34222645
[23:03:22] [Server thread/INFO]: Nerfing mobs spawned from spawners: false
[23:03:23] [Server thread/INFO]: -------- World Settings For [world_nether] --------
[23:03:23] [Server thread/INFO]: Allow Zombie Pigmen to spawn from portal blocks: true
[23:03:23] [Server thread/INFO]: Zombie Aggressive Towards Villager: true
[23:03:23] [Server thread/INFO]: Item Merge Radius: 2.5
[23:03:23] [Server thread/INFO]: View Distance: 10
[23:03:23] [Server thread/INFO]: Experience Merge Radius: 3.0
[23:03:23] [Server thread/INFO]: Mob Spawn Range: 6
[23:03:23] [Server thread/INFO]: Entity Tracking Range: Pl 48 / An 48 / Mo 48 / Mi 32 / Di 128 / Other 64
[23:03:23] [Server thread/INFO]: Hopper Transfer: 8 Hopper Check: 1 Hopper Amount: 1 Hopper Can Load Chunks: false
[23:03:23] [Server thread/INFO]: Max TNT Explosions: 100
[23:03:23] [Server thread/INFO]: Tile Max Tick Time: 50ms Entity max Tick Time: 50ms
[23:03:23] [Server thread/INFO]: Arrow Despawn Rate: 1200 Trident Respawn Rate:1200
[23:03:23] [Server thread/INFO]: Simulation Distance: 10
[23:03:23] [Server thread/INFO]: Item Despawn Rate: 6000
[23:03:23] [Server thread/INFO]: Cactus Growth Modifier: 100%
[23:03:23] [Server thread/INFO]: Cane Growth Modifier: 100%
[23:03:23] [Server thread/INFO]: Melon Growth Modifier: 100%
[23:03:23] [Server thread/INFO]: Mushroom Growth Modifier: 100%
[23:03:23] [Server thread/INFO]: Pumpkin Growth Modifier: 100%
[23:03:23] [Server thread/INFO]: Sapling Growth Modifier: 100%
[23:03:23] [Server thread/INFO]: Beetroot Growth Modifier: 100%
[23:03:23] [Server thread/INFO]: Carrot Growth Modifier: 100%
[23:03:23] [Server thread/INFO]: Potato Growth Modifier: 100%
[23:03:23] [Server thread/INFO]: Wheat Growth Modifier: 100%
[23:03:23] [Server thread/INFO]: NetherWart Growth Modifier: 100%
[23:03:23] [Server thread/INFO]: Vine Growth Modifier: 100%
[23:03:23] [Server thread/INFO]: Cocoa Growth Modifier: 100%
[23:03:23] [Server thread/INFO]: Bamboo Growth Modifier: 100%
[23:03:23] [Server thread/INFO]: SweetBerry Growth Modifier: 100%
[23:03:23] [Server thread/INFO]: Kelp Growth Modifier: 100%
[23:03:23] [Server thread/INFO]: TwistingVines Growth Modifier: 100%
[23:03:23] [Server thread/INFO]: WeepingVines Growth Modifier: 100%
[23:03:23] [Server thread/INFO]: CaveVines Growth Modifier: 100%
[23:03:23] [Server thread/INFO]: Entity Activation Range: An 32 / Mo 32 / Ra 48 / Mi 16 / Tiv true / Isa false
[23:03:23] [Server thread/INFO]: Custom Map Seeds:  Village: 10387312 Desert: 14357617 Igloo: 14357618 Jungle: 14357619 Swamp: 14357620 Monument: 10387313 Ocean: 14357621 Shipwreck: 165745295 End City: 10387313 Slime: 987234911 Nether: 30084232 Mansion: 10387319 Fossil: 14357921 Portal: 34222645
[23:03:23] [Server thread/INFO]: Nerfing mobs spawned from spawners: false
[23:03:26] [Server thread/INFO]: -------- World Settings For [world_the_end] --------
[23:03:26] [Server thread/INFO]: Allow Zombie Pigmen to spawn from portal blocks: true
[23:03:26] [Server thread/INFO]: Zombie Aggressive Towards Villager: true
[23:03:26] [Server thread/INFO]: Item Merge Radius: 2.5
[23:03:26] [Server thread/INFO]: View Distance: 10
[23:03:26] [Server thread/INFO]: Experience Merge Radius: 3.0
[23:03:26] [Server thread/INFO]: Mob Spawn Range: 6
[23:03:26] [Server thread/INFO]: Entity Tracking Range: Pl 48 / An 48 / Mo 48 / Mi 32 / Di 128 / Other 64
[23:03:26] [Server thread/INFO]: Hopper Transfer: 8 Hopper Check: 1 Hopper Amount: 1 Hopper Can Load Chunks: false
[23:03:26] [Server thread/INFO]: Max TNT Explosions: 100
[23:03:26] [Server thread/INFO]: Tile Max Tick Time: 50ms Entity max Tick Time: 50ms
[23:03:26] [Server thread/INFO]: Arrow Despawn Rate: 1200 Trident Respawn Rate:1200
[23:03:26] [Server thread/INFO]: Simulation Distance: 10
[23:03:26] [Server thread/INFO]: Item Despawn Rate: 6000
[23:03:26] [Server thread/INFO]: Cactus Growth Modifier: 100%
[23:03:26] [Server thread/INFO]: Cane Growth Modifier: 100%
[23:03:26] [Server thread/INFO]: Melon Growth Modifier: 100%
[23:03:26] [Server thread/INFO]: Mushroom Growth Modifier: 100%
[23:03:26] [Server thread/INFO]: Pumpkin Growth Modifier: 100%
[23:03:26] [Server thread/INFO]: Sapling Growth Modifier: 100%
[23:03:26] [Server thread/INFO]: Beetroot Growth Modifier: 100%
[23:03:26] [Server thread/INFO]: Carrot Growth Modifier: 100%
[23:03:26] [Server thread/INFO]: Potato Growth Modifier: 100%
[23:03:26] [Server thread/INFO]: Wheat Growth Modifier: 100%
[23:03:26] [Server thread/INFO]: NetherWart Growth Modifier: 100%
[23:03:26] [Server thread/INFO]: Vine Growth Modifier: 100%
[23:03:26] [Server thread/INFO]: Cocoa Growth Modifier: 100%
[23:03:26] [Server thread/INFO]: Bamboo Growth Modifier: 100%
[23:03:26] [Server thread/INFO]: SweetBerry Growth Modifier: 100%
[23:03:26] [Server thread/INFO]: Kelp Growth Modifier: 100%
[23:03:26] [Server thread/INFO]: TwistingVines Growth Modifier: 100%
[23:03:26] [Server thread/INFO]: WeepingVines Growth Modifier: 100%
[23:03:26] [Server thread/INFO]: CaveVines Growth Modifier: 100%
[23:03:26] [Server thread/INFO]: Entity Activation Range: An 32 / Mo 32 / Ra 48 / Mi 16 / Tiv true / Isa false
[23:03:26] [Server thread/INFO]: Custom Map Seeds:  Village: 10387312 Desert: 14357617 Igloo: 14357618 Jungle: 14357619 Swamp: 14357620 Monument: 10387313 Ocean: 14357621 Shipwreck: 165745295 End City: 10387313 Slime: 987234911 Nether: 30084232 Mansion: 10387319 Fossil: 14357921 Portal: 34222645
[23:03:26] [Server thread/INFO]: Nerfing mobs spawned from spawners: false
[23:03:26] [Server thread/INFO]: Preparing start region for dimension minecraft:overworld
[23:03:27] [Worker-Main-3/INFO]: Preparing spawn area: 0%
[23:03:27] [Worker-Main-7/INFO]: Preparing spawn area: 87%
[23:03:27] [Server thread/INFO]: Time elapsed: 724 ms
[23:03:27] [Server thread/INFO]: Preparing start region for dimension minecraft:the_nether
[23:03:27] [Worker-Main-7/INFO]: Preparing spawn area: 0%
[23:03:27] [Server thread/INFO]: Time elapsed: 194 ms
[23:03:27] [Server thread/INFO]: Preparing start region for dimension minecraft:the_end
[23:03:27] [Worker-Main-4/INFO]: Preparing spawn area: 0%
[23:03:27] [Server thread/INFO]: Time elapsed: 193 ms
[23:03:27] [Server thread/INFO]: Server permissions file permissions.yml is empty, ignoring it
[23:03:27] [Server thread/INFO]: Done (5.010s)! For help, type "help"
[23:05:03] [User Authenticator #1/INFO]: UUID of player lu420 is da3e7978-7f78-4300-86d0-3b8a0c325170
[23:05:05] [Server thread/INFO]: lu420 joined the game
[23:05:05] [Server thread/INFO]: lu420[/127.0.0.1:49181] logged in with entity id 56 at ([world]-21.508102376864844, 68.0, -12.699999988079071)
[23:05:19] [Server thread/INFO]: lu420 lost connection: Disconnected
[23:05:19] [Server thread/INFO]: lu420 left the game
[23:51:47] [Thread-1/INFO]: Stopping server
[23:51:47] [Thread-1/INFO]: Saving players
